2022-03-28 10:46:09,826 INFO 2022-03-28 10:46:09.826451 || PROCESSING DATA 
2022-03-28 10:46:09,828 INFO 2022-03-28 10:46:09.828129 || Considering fights with at least 10 allied players and at least 10 enemies that took longer than 30 s. 
2022-03-28 10:46:09,829 INFO 2022-03-28 10:46:09.829143 || Getting Raid data 
2022-03-28 10:50:12,211 INFO 2022-03-28 10:50:12.211299 || PROCESSING DATA 
2022-03-28 10:50:12,213 INFO 2022-03-28 10:50:12.212826 || Considering fights with at least 10 allied players and at least 10 enemies that took longer than 30 s. 
2022-03-28 10:50:12,213 INFO 2022-03-28 10:50:12.213823 || Getting Raid data 
2022-03-28 10:54:47,289 INFO 2022-03-28 10:54:47.289092 || PROCESSING DATA 
2022-03-28 10:54:47,291 INFO 2022-03-28 10:54:47.291064 || Considering fights with at least 10 allied players and at least 10 enemies that took longer than 30 s. 
2022-03-28 10:54:47,292 INFO 2022-03-28 10:54:47.292087 || https://dps.report/getJson?permalink=bxLP-20220325-192212_wvw 
2022-03-28 10:54:47,293 INFO 2022-03-28 10:54:47.293065 || Getting JSON data from https://dps.report/getJson?permalink=bxLP-20220325-192212_wvw
2022-03-28 10:54:51,697 INFO 2022-03-28 10:54:51.697139 || JSON data Retrieved 
2022-03-28 10:54:51,698 INFO 2022-03-28 10:54:51.698418 || Getting data from JSON 
2022-03-28 10:54:51,749 INFO 2022-03-28 10:54:51.749368 || Data retrieved 
2022-03-28 10:54:51,750 INFO 2022-03-28 10:54:51.750663 || https://dps.report/getJson?permalink=iDGD-20220325-192416_wvw 
2022-03-28 10:54:51,751 INFO 2022-03-28 10:54:51.751393 || Getting JSON data from https://dps.report/getJson?permalink=iDGD-20220325-192416_wvw
2022-03-28 10:54:54,888 INFO 2022-03-28 10:54:54.887763 || JSON data Retrieved 
2022-03-28 10:54:54,889 INFO 2022-03-28 10:54:54.889218 || Getting data from JSON 
2022-03-28 10:54:54,891 ERROR 2022-03-28 10:54:54.891175 || Couldnt get json/data from {'href': 'https://dps.report/getJson?permalink=iDGD-20220325-192416_wvw'} 
2022-03-28 10:54:54,892 ERROR 2022-03-28 10:54:54.892026 || 'Logger' object has no attribute 'write' 
2022-03-28 10:54:54,892 INFO 2022-03-28 10:54:54.892696 || https://dps.report/getJson?permalink=hX0j-20220325-192834_wvw 
2022-03-28 10:54:54,893 INFO 2022-03-28 10:54:54.893299 || Getting JSON data from https://dps.report/getJson?permalink=hX0j-20220325-192834_wvw
2022-03-28 10:54:57,819 INFO 2022-03-28 10:54:57.819538 || JSON data Retrieved 
2022-03-28 10:54:57,821 INFO 2022-03-28 10:54:57.821018 || Getting data from JSON 
2022-03-28 10:54:57,822 ERROR 2022-03-28 10:54:57.822791 || Couldnt get json/data from {'href': 'https://dps.report/getJson?permalink=hX0j-20220325-192834_wvw'} 
2022-03-28 10:54:57,823 ERROR 2022-03-28 10:54:57.823557 || 'Logger' object has no attribute 'write' 
2022-03-28 10:54:57,824 INFO 2022-03-28 10:54:57.824217 || https://dps.report/getJson?permalink=ZGut-20220325-193120_wvw 
2022-03-28 10:54:57,824 INFO 2022-03-28 10:54:57.824817 || Getting JSON data from https://dps.report/getJson?permalink=ZGut-20220325-193120_wvw
2022-03-28 10:55:00,760 INFO 2022-03-28 10:55:00.760096 || JSON data Retrieved 
2022-03-28 10:55:00,761 INFO 2022-03-28 10:55:00.761484 || Getting data from JSON 
2022-03-28 10:55:00,810 INFO 2022-03-28 10:55:00.810038 || Data retrieved 
2022-03-28 10:55:00,811 INFO 2022-03-28 10:55:00.811173 || https://dps.report/getJson?permalink=muvT-20220325-193209_wvw 
2022-03-28 10:55:00,811 INFO 2022-03-28 10:55:00.811885 || Getting JSON data from https://dps.report/getJson?permalink=muvT-20220325-193209_wvw
2022-03-28 10:55:04,172 INFO 2022-03-28 10:55:04.171719 || JSON data Retrieved 
2022-03-28 10:55:04,173 INFO 2022-03-28 10:55:04.173111 || Getting data from JSON 
2022-03-28 10:55:04,175 ERROR 2022-03-28 10:55:04.174985 || Couldnt get json/data from {'href': 'https://dps.report/getJson?permalink=muvT-20220325-193209_wvw'} 
2022-03-28 10:55:04,175 ERROR 2022-03-28 10:55:04.175755 || 'Logger' object has no attribute 'write' 
2022-03-28 10:55:04,176 INFO 2022-03-28 10:55:04.176406 || https://dps.report/getJson?permalink=YVMC-20220325-193442_wvw 
2022-03-28 10:55:04,177 INFO 2022-03-28 10:55:04.177013 || Getting JSON data from https://dps.report/getJson?permalink=YVMC-20220325-193442_wvw
2022-03-28 10:55:13,140 INFO 2022-03-28 10:55:13.140140 || JSON data Retrieved 
2022-03-28 10:55:13,141 INFO 2022-03-28 10:55:13.141611 || Getting data from JSON 
2022-03-28 10:55:13,442 INFO 2022-03-28 10:55:13.442612 || Data retrieved 
2022-03-28 10:55:13,443 INFO 2022-03-28 10:55:13.443773 || Getting Raid data 
2022-03-28 10:55:13,452 INFO 2022-03-28 10:55:13.452141 || Welcome to the Records of Valhalla! 
2022-03-28 10:55:14,532 INFO 2022-03-28 10:55:14.532492 || Raid data retrieved 
2022-03-28 10:55:14,788 INFO 2022-03-28 10:55:14.787899 || DONE PROCESSING DATA 
2022-03-28 10:56:07,169 INFO 2022-03-28 10:56:07.168847 || PROCESSING DATA 
2022-03-28 10:56:07,170 INFO 2022-03-28 10:56:07.170437 || Considering fights with at least 10 allied players and at least 10 enemies that took longer than 30 s. 
2022-03-28 10:56:07,171 INFO 2022-03-28 10:56:07.171478 || https://dps.report/getJson?permalink=zNLs-20220325-192416_wvw 
2022-03-28 10:56:07,172 INFO 2022-03-28 10:56:07.172366 || Getting JSON data from https://dps.report/getJson?permalink=zNLs-20220325-192416_wvw
2022-03-28 10:56:09,967 INFO 2022-03-28 10:56:09.967556 || JSON data Retrieved 
2022-03-28 10:56:09,969 INFO 2022-03-28 10:56:09.968979 || Getting data from JSON 
2022-03-28 10:56:09,970 ERROR 2022-03-28 10:56:09.970677 || Couldnt get json/data from {'href': 'https://dps.report/getJson?permalink=zNLs-20220325-192416_wvw'} 
2022-03-28 10:56:09,971 ERROR 2022-03-28 10:56:09.971494 || 'Logger' object has no attribute 'write' 
2022-03-28 10:56:09,972 INFO 2022-03-28 10:56:09.972152 || https://dps.report/getJson?permalink=hP2i-20220325-192834_wvw 
2022-03-28 10:56:09,972 INFO 2022-03-28 10:56:09.972757 || Getting JSON data from https://dps.report/getJson?permalink=hP2i-20220325-192834_wvw
2022-03-28 10:56:14,074 INFO 2022-03-28 10:56:14.074519 || JSON data Retrieved 
2022-03-28 10:56:14,076 INFO 2022-03-28 10:56:14.075978 || Getting data from JSON 
2022-03-28 10:56:14,185 INFO 2022-03-28 10:56:14.184964 || Data retrieved 
2022-03-28 10:56:14,186 INFO 2022-03-28 10:56:14.186126 || https://dps.report/getJson?permalink=bQvH-20220325-193120_wvw 
2022-03-28 10:56:14,186 INFO 2022-03-28 10:56:14.186851 || Getting JSON data from https://dps.report/getJson?permalink=bQvH-20220325-193120_wvw
2022-03-28 10:56:17,467 INFO 2022-03-28 10:56:17.467529 || JSON data Retrieved 
2022-03-28 10:56:17,469 INFO 2022-03-28 10:56:17.469024 || Getting data from JSON 
2022-03-28 10:56:17,470 ERROR 2022-03-28 10:56:17.470758 || Couldnt get json/data from {'href': 'https://dps.report/getJson?permalink=bQvH-20220325-193120_wvw'} 
2022-03-28 10:56:17,471 ERROR 2022-03-28 10:56:17.471597 || 'Logger' object has no attribute 'write' 
2022-03-28 10:56:17,472 INFO 2022-03-28 10:56:17.472264 || https://dps.report/getJson?permalink=DX3W-20220325-193209_wvw 
2022-03-28 10:56:17,472 INFO 2022-03-28 10:56:17.472877 || Getting JSON data from https://dps.report/getJson?permalink=DX3W-20220325-193209_wvw
2022-03-28 10:56:20,388 INFO 2022-03-28 10:56:20.387683 || JSON data Retrieved 
2022-03-28 10:56:20,389 INFO 2022-03-28 10:56:20.389157 || Getting data from JSON 
2022-03-28 10:56:20,439 INFO 2022-03-28 10:56:20.439053 || Data retrieved 
2022-03-28 10:56:20,440 INFO 2022-03-28 10:56:20.440297 || https://dps.report/getJson?permalink=PpBC-20220325-193442_wvw 
2022-03-28 10:56:20,441 INFO 2022-03-28 10:56:20.441026 || Getting JSON data from https://dps.report/getJson?permalink=PpBC-20220325-193442_wvw
2022-03-28 10:56:24,652 INFO 2022-03-28 10:56:24.651810 || JSON data Retrieved 
2022-03-28 10:56:24,653 INFO 2022-03-28 10:56:24.653298 || Getting data from JSON 
2022-03-28 10:56:24,700 INFO 2022-03-28 10:56:24.700755 || Data retrieved 
2022-03-28 10:56:24,702 INFO 2022-03-28 10:56:24.701914 || https://dps.report/getJson?permalink=Fe8L-20220326-102301_wvw 
2022-03-28 10:56:24,702 INFO 2022-03-28 10:56:24.702637 || Getting JSON data from https://dps.report/getJson?permalink=Fe8L-20220326-102301_wvw
2022-03-28 10:56:28,238 INFO 2022-03-28 10:56:28.238210 || JSON data Retrieved 
2022-03-28 10:56:28,240 INFO 2022-03-28 10:56:28.239741 || Getting data from JSON 
2022-03-28 10:56:28,242 ERROR 2022-03-28 10:56:28.242023 || Couldnt get json/data from {'href': 'https://dps.report/getJson?permalink=Fe8L-20220326-102301_wvw'} 
2022-03-28 10:56:28,242 ERROR 2022-03-28 10:56:28.242817 || 'Logger' object has no attribute 'write' 
2022-03-28 10:56:28,243 INFO 2022-03-28 10:56:28.243478 || Getting Raid data 
2022-03-28 10:56:28,254 INFO 2022-03-28 10:56:28.254740 || Welcome to the Records of Valhalla! 
2022-03-28 10:56:29,093 INFO 2022-03-28 10:56:29.093437 || Raid data retrieved 
2022-03-28 10:56:29,160 INFO 2022-03-28 10:56:29.160604 || DONE PROCESSING DATA 
2022-03-28 10:56:55,322 INFO 2022-03-28 10:56:55.322369 || PROCESSING DATA 
2022-03-28 10:56:55,324 INFO 2022-03-28 10:56:55.323854 || Considering fights with at least 10 allied players and at least 10 enemies that took longer than 30 s. 
2022-03-28 10:56:55,325 INFO 2022-03-28 10:56:55.324862 || https://dps.report/getJson?permalink=v0Lw-20220325-192416_wvw 
2022-03-28 10:56:55,325 INFO 2022-03-28 10:56:55.325746 || Getting JSON data from https://dps.report/getJson?permalink=v0Lw-20220325-192416_wvw
2022-03-28 10:56:58,685 INFO 2022-03-28 10:56:58.685684 || JSON data Retrieved 
2022-03-28 10:56:58,687 INFO 2022-03-28 10:56:58.686920 || Getting data from JSON 
2022-03-28 10:56:58,688 ERROR 2022-03-28 10:56:58.688581 || Couldnt get json/data from {'href': 'https://dps.report/getJson?permalink=v0Lw-20220325-192416_wvw'} 
2022-03-28 10:56:58,689 ERROR 2022-03-28 10:56:58.689351 || 'Logger' object has no attribute 'write' 
2022-03-28 10:56:58,690 INFO 2022-03-28 10:56:58.690275 || https://dps.report/getJson?permalink=J2n4-20220325-192834_wvw 
2022-03-28 10:56:58,691 INFO 2022-03-28 10:56:58.690945 || Getting JSON data from https://dps.report/getJson?permalink=J2n4-20220325-192834_wvw
2022-03-28 10:57:01,847 INFO 2022-03-28 10:57:01.847216 || JSON data Retrieved 
2022-03-28 10:57:01,848 INFO 2022-03-28 10:57:01.848700 || Getting data from JSON 
2022-03-28 10:57:01,850 ERROR 2022-03-28 10:57:01.850425 || Couldnt get json/data from {'href': 'https://dps.report/getJson?permalink=J2n4-20220325-192834_wvw'} 
2022-03-28 10:57:01,851 ERROR 2022-03-28 10:57:01.851256 || 'Logger' object has no attribute 'write' 
2022-03-28 10:57:01,852 INFO 2022-03-28 10:57:01.851909 || https://dps.report/getJson?permalink=aJ7O-20220325-193120_wvw 
2022-03-28 10:57:01,852 INFO 2022-03-28 10:57:01.852505 || Getting JSON data from https://dps.report/getJson?permalink=aJ7O-20220325-193120_wvw
2022-03-28 10:57:06,002 INFO 2022-03-28 10:57:06.002636 || JSON data Retrieved 
2022-03-28 10:57:06,004 INFO 2022-03-28 10:57:06.004102 || Getting data from JSON 
2022-03-28 10:57:06,055 INFO 2022-03-28 10:57:06.054948 || Data retrieved 
2022-03-28 10:57:06,056 INFO 2022-03-28 10:57:06.056077 || https://dps.report/getJson?permalink=oHtB-20220325-193209_wvw 
2022-03-28 10:57:06,056 INFO 2022-03-28 10:57:06.056783 || Getting JSON data from https://dps.report/getJson?permalink=oHtB-20220325-193209_wvw
2022-03-28 10:57:09,076 INFO 2022-03-28 10:57:09.075869 || JSON data Retrieved 
2022-03-28 10:57:09,077 INFO 2022-03-28 10:57:09.077231 || Getting data from JSON 
2022-03-28 10:57:09,123 INFO 2022-03-28 10:57:09.123302 || Data retrieved 
2022-03-28 10:57:09,124 INFO 2022-03-28 10:57:09.124432 || https://dps.report/getJson?permalink=RqqU-20220325-193442_wvw 
2022-03-28 10:57:09,125 INFO 2022-03-28 10:57:09.125150 || Getting JSON data from https://dps.report/getJson?permalink=RqqU-20220325-193442_wvw
2022-03-28 10:57:13,251 INFO 2022-03-28 10:57:13.250693 || JSON data Retrieved 
2022-03-28 10:57:13,252 INFO 2022-03-28 10:57:13.252156 || Getting data from JSON 
2022-03-28 10:57:13,341 INFO 2022-03-28 10:57:13.341340 || Data retrieved 
2022-03-28 10:57:13,342 INFO 2022-03-28 10:57:13.342512 || https://dps.report/getJson?permalink=2SKO-20220326-102301_wvw 
2022-03-28 10:57:13,343 INFO 2022-03-28 10:57:13.343338 || Getting JSON data from https://dps.report/getJson?permalink=2SKO-20220326-102301_wvw
2022-03-28 10:57:16,682 INFO 2022-03-28 10:57:16.681927 || JSON data Retrieved 
2022-03-28 10:57:16,683 INFO 2022-03-28 10:57:16.683392 || Getting data from JSON 
2022-03-28 10:57:16,685 ERROR 2022-03-28 10:57:16.685355 || Couldnt get json/data from {'href': 'https://dps.report/getJson?permalink=2SKO-20220326-102301_wvw'} 
2022-03-28 10:57:16,686 ERROR 2022-03-28 10:57:16.686139 || 'Logger' object has no attribute 'write' 
2022-03-28 10:57:16,686 INFO 2022-03-28 10:57:16.686805 || Getting Raid data 
2022-03-28 10:57:16,698 INFO 2022-03-28 10:57:16.698309 || Welcome to the Records of Valhalla! 
2022-03-28 10:57:17,507 INFO 2022-03-28 10:57:17.507269 || Raid data retrieved 
2022-03-28 10:57:17,558 INFO 2022-03-28 10:57:17.558155 || DONE PROCESSING DATA 
2022-03-28 11:04:41,743 INFO 2022-03-28 11:04:41.743192 || PROCESSING DATA 
2022-03-28 11:04:41,744 INFO 2022-03-28 11:04:41.744803 || Considering fights with at least 10 allied players and at least 10 enemies that took longer than 30 s. 
2022-03-28 11:04:41,745 INFO 2022-03-28 11:04:41.745794 || https://dps.report/getJson?permalink=ljfy-20220325-192416_wvw 
2022-03-28 11:04:41,746 INFO 2022-03-28 11:04:41.746662 || Getting JSON data from https://dps.report/getJson?permalink=ljfy-20220325-192416_wvw
2022-03-28 11:04:45,143 INFO 2022-03-28 11:04:45.143054 || JSON data Retrieved 
2022-03-28 11:04:45,144 INFO 2022-03-28 11:04:45.144509 || Getting data from JSON 
2022-03-28 11:04:45,146 ERROR 2022-03-28 11:04:45.146262 || Couldnt get json/data from {'href': 'https://dps.report/getJson?permalink=ljfy-20220325-192416_wvw'} 
2022-03-28 11:04:45,147 ERROR 2022-03-28 11:04:45.147140 || 'Logger' object has no attribute 'write' 
2022-03-28 11:04:45,147 INFO 2022-03-28 11:04:45.147804 || https://dps.report/getJson?permalink=XOAa-20220325-192834_wvw 
2022-03-28 11:04:45,148 INFO 2022-03-28 11:04:45.148393 || Getting JSON data from https://dps.report/getJson?permalink=XOAa-20220325-192834_wvw
2022-03-28 11:04:48,276 INFO 2022-03-28 11:04:48.276271 || JSON data Retrieved 
2022-03-28 11:04:48,277 INFO 2022-03-28 11:04:48.277686 || Getting data from JSON 
2022-03-28 11:04:48,279 ERROR 2022-03-28 11:04:48.279235 || Couldnt get json/data from {'href': 'https://dps.report/getJson?permalink=XOAa-20220325-192834_wvw'} 
2022-03-28 11:04:48,280 ERROR 2022-03-28 11:04:48.280183 || 'Logger' object has no attribute 'write' 
2022-03-28 11:04:48,281 INFO 2022-03-28 11:04:48.280903 || https://dps.report/getJson?permalink=IXdI-20220325-193120_wvw 
2022-03-28 11:04:48,281 INFO 2022-03-28 11:04:48.281518 || Getting JSON data from https://dps.report/getJson?permalink=IXdI-20220325-193120_wvw
2022-03-28 11:04:51,438 INFO 2022-03-28 11:04:51.438221 || JSON data Retrieved 
2022-03-28 11:04:51,439 INFO 2022-03-28 11:04:51.439615 || Getting data from JSON 
2022-03-28 11:04:51,441 ERROR 2022-03-28 11:04:51.441376 || Couldnt get json/data from {'href': 'https://dps.report/getJson?permalink=IXdI-20220325-193120_wvw'} 
2022-03-28 11:04:51,442 ERROR 2022-03-28 11:04:51.442179 || 'Logger' object has no attribute 'write' 
2022-03-28 11:04:51,442 INFO 2022-03-28 11:04:51.442840 || https://dps.report/getJson?permalink=9J9p-20220325-193209_wvw 
2022-03-28 11:04:51,443 INFO 2022-03-28 11:04:51.443434 || Getting JSON data from https://dps.report/getJson?permalink=9J9p-20220325-193209_wvw
2022-03-28 11:04:54,345 INFO 2022-03-28 11:04:54.344873 || JSON data Retrieved 
2022-03-28 11:04:54,346 INFO 2022-03-28 11:04:54.346289 || Getting data from JSON 
2022-03-28 11:04:54,396 INFO 2022-03-28 11:04:54.396371 || Data retrieved 
2022-03-28 11:04:54,397 INFO 2022-03-28 11:04:54.397516 || https://dps.report/getJson?permalink=i1NG-20220325-193442_wvw 
2022-03-28 11:04:54,398 INFO 2022-03-28 11:04:54.398227 || Getting JSON data from https://dps.report/getJson?permalink=i1NG-20220325-193442_wvw
2022-03-28 11:04:58,565 INFO 2022-03-28 11:04:58.565077 || JSON data Retrieved 
2022-03-28 11:04:58,566 INFO 2022-03-28 11:04:58.566549 || Getting data from JSON 
2022-03-28 11:04:58,614 INFO 2022-03-28 11:04:58.613792 || Data retrieved 
2022-03-28 11:04:58,615 INFO 2022-03-28 11:04:58.615029 || https://dps.report/getJson?permalink=5QUL-20220326-102301_wvw 
2022-03-28 11:04:58,615 INFO 2022-03-28 11:04:58.615760 || Getting JSON data from https://dps.report/getJson?permalink=5QUL-20220326-102301_wvw
2022-03-28 11:05:02,829 INFO 2022-03-28 11:05:02.829162 || JSON data Retrieved 
2022-03-28 11:05:02,830 INFO 2022-03-28 11:05:02.830706 || Getting data from JSON 
2022-03-28 11:05:02,943 INFO 2022-03-28 11:05:02.942812 || Data retrieved 
2022-03-28 11:05:02,944 INFO 2022-03-28 11:05:02.943956 || Getting Raid data 
2022-03-28 11:05:02,955 INFO 2022-03-28 11:05:02.955430 || Welcome to the Records of Valhalla! 
2022-03-28 11:05:03,741 INFO 2022-03-28 11:05:03.741016 || Raid data retrieved 
2022-03-28 11:05:03,823 INFO 2022-03-28 11:05:03.823222 || DONE PROCESSING DATA 
2022-03-28 11:05:37,648 INFO 2022-03-28 11:05:37.648691 || PROCESSING DATA 
2022-03-28 11:05:37,650 INFO 2022-03-28 11:05:37.650540 || Considering fights with at least 10 allied players and at least 10 enemies that took longer than 30 s. 
2022-03-28 11:05:37,651 INFO 2022-03-28 11:05:37.651583 || https://dps.report/getJson?permalink=E10S-20220325-192416_wvw 
2022-03-28 11:05:37,652 INFO 2022-03-28 11:05:37.652474 || Getting JSON data from https://dps.report/getJson?permalink=E10S-20220325-192416_wvw
2022-03-28 11:05:40,946 INFO 2022-03-28 11:05:40.946559 || JSON data Retrieved 
2022-03-28 11:05:40,947 INFO 2022-03-28 11:05:40.947822 || Getting data from JSON 
2022-03-28 11:05:40,949 ERROR 2022-03-28 11:05:40.949416 || Couldnt get json/data from {'href': 'https://dps.report/getJson?permalink=E10S-20220325-192416_wvw'} 
2022-03-28 11:05:40,950 ERROR 2022-03-28 11:05:40.950496 || 'Logger' object has no attribute 'write' 
2022-03-28 11:05:40,951 INFO 2022-03-28 11:05:40.951190 || https://dps.report/getJson?permalink=ZbW9-20220325-192834_wvw 
2022-03-28 11:05:40,951 INFO 2022-03-28 11:05:40.951793 || Getting JSON data from https://dps.report/getJson?permalink=ZbW9-20220325-192834_wvw
2022-03-28 11:05:42,752 INFO 2022-03-28 11:05:42.752490 || JSON data Retrieved 
2022-03-28 11:05:42,753 INFO 2022-03-28 11:05:42.753789 || Getting data from JSON 
2022-03-28 11:05:42,755 ERROR 2022-03-28 11:05:42.755518 || Couldnt get json/data from {'href': 'https://dps.report/getJson?permalink=ZbW9-20220325-192834_wvw'} 
2022-03-28 11:05:42,756 ERROR 2022-03-28 11:05:42.756301 || 'Logger' object has no attribute 'write' 
2022-03-28 11:05:42,757 INFO 2022-03-28 11:05:42.756983 || https://dps.report/getJson?permalink=p402-20220325-193120_wvw 
2022-03-28 11:05:42,757 INFO 2022-03-28 11:05:42.757578 || Getting JSON data from https://dps.report/getJson?permalink=p402-20220325-193120_wvw
2022-03-28 11:05:46,233 INFO 2022-03-28 11:05:46.233125 || JSON data Retrieved 
2022-03-28 11:05:46,234 INFO 2022-03-28 11:05:46.234521 || Getting data from JSON 
2022-03-28 11:05:46,236 ERROR 2022-03-28 11:05:46.236162 || Couldnt get json/data from {'href': 'https://dps.report/getJson?permalink=p402-20220325-193120_wvw'} 
2022-03-28 11:05:46,237 ERROR 2022-03-28 11:05:46.236935 || 'Logger' object has no attribute 'write' 
2022-03-28 11:05:46,237 INFO 2022-03-28 11:05:46.237590 || https://dps.report/getJson?permalink=6Gul-20220325-193209_wvw 
2022-03-28 11:05:46,238 INFO 2022-03-28 11:05:46.238165 || Getting JSON data from https://dps.report/getJson?permalink=6Gul-20220325-193209_wvw
2022-03-28 11:05:50,444 INFO 2022-03-28 11:05:50.443948 || JSON data Retrieved 
2022-03-28 11:05:50,445 INFO 2022-03-28 11:05:50.445349 || Getting data from JSON 
2022-03-28 11:05:50,496 INFO 2022-03-28 11:05:50.496693 || Data retrieved 
2022-03-28 11:05:50,497 INFO 2022-03-28 11:05:50.497822 || https://dps.report/getJson?permalink=djCU-20220325-193442_wvw 
2022-03-28 11:05:50,498 INFO 2022-03-28 11:05:50.498541 || Getting JSON data from https://dps.report/getJson?permalink=djCU-20220325-193442_wvw
2022-03-28 11:05:53,772 INFO 2022-03-28 11:05:53.772512 || JSON data Retrieved 
2022-03-28 11:05:53,774 INFO 2022-03-28 11:05:53.773977 || Getting data from JSON 
2022-03-28 11:05:53,819 INFO 2022-03-28 11:05:53.819571 || Data retrieved 
2022-03-28 11:05:53,820 INFO 2022-03-28 11:05:53.820794 || https://dps.report/getJson?permalink=16YF-20220326-102301_wvw 
2022-03-28 11:05:53,821 INFO 2022-03-28 11:05:53.821502 || Getting JSON data from https://dps.report/getJson?permalink=16YF-20220326-102301_wvw
2022-03-28 11:05:58,113 INFO 2022-03-28 11:05:58.113193 || JSON data Retrieved 
2022-03-28 11:05:58,114 INFO 2022-03-28 11:05:58.114696 || Getting data from JSON 
2022-03-28 11:05:58,203 INFO 2022-03-28 11:05:58.203704 || Data retrieved 
2022-03-28 11:05:58,205 INFO 2022-03-28 11:05:58.204876 || Getting Raid data 
2022-03-28 11:05:58,216 INFO 2022-03-28 11:05:58.216363 || Welcome to the Records of Valhalla! 
2022-03-28 11:05:58,967 INFO 2022-03-28 11:05:58.967712 || Raid data retrieved 
2022-03-28 11:05:59,048 INFO 2022-03-28 11:05:59.048165 || DONE PROCESSING DATA 
2022-03-28 11:07:27,054 INFO 2022-03-28 11:07:27.054246 || PROCESSING DATA 
2022-03-28 11:07:27,056 INFO 2022-03-28 11:07:27.055883 || Considering fights with at least 10 allied players and at least 10 enemies that took longer than 30 s. 
2022-03-28 11:07:27,057 INFO 2022-03-28 11:07:27.056874 || https://dps.report/getJson?permalink=g18D-20220325-193120_wvw 
2022-03-28 11:07:27,057 INFO 2022-03-28 11:07:27.057757 || Getting JSON data from https://dps.report/getJson?permalink=g18D-20220325-193120_wvw
2022-03-28 11:07:30,201 INFO 2022-03-28 11:07:30.201277 || JSON data Retrieved 
2022-03-28 11:07:30,202 INFO 2022-03-28 11:07:30.202635 || Getting data from JSON 
2022-03-28 11:07:30,204 ERROR 2022-03-28 11:07:30.204256 || Couldnt get json/data from {'href': 'https://dps.report/getJson?permalink=g18D-20220325-193120_wvw'} 
2022-03-28 11:07:30,205 ERROR 2022-03-28 11:07:30.205180 || 'Logger' object has no attribute 'write' 
2022-03-28 11:07:30,205 INFO 2022-03-28 11:07:30.205832 || https://dps.report/getJson?permalink=Rdcn-20220325-193209_wvw 
2022-03-28 11:07:30,206 INFO 2022-03-28 11:07:30.206455 || Getting JSON data from https://dps.report/getJson?permalink=Rdcn-20220325-193209_wvw
2022-03-28 11:07:33,546 INFO 2022-03-28 11:07:33.546172 || JSON data Retrieved 
2022-03-28 11:07:33,547 INFO 2022-03-28 11:07:33.547548 || Getting data from JSON 
2022-03-28 11:07:33,549 ERROR 2022-03-28 11:07:33.549225 || Couldnt get json/data from {'href': 'https://dps.report/getJson?permalink=Rdcn-20220325-193209_wvw'} 
2022-03-28 11:07:33,550 ERROR 2022-03-28 11:07:33.550165 || 'Logger' object has no attribute 'write' 
2022-03-28 11:07:33,551 INFO 2022-03-28 11:07:33.550892 || https://dps.report/getJson?permalink=wzLr-20220325-193442_wvw 
2022-03-28 11:07:33,551 INFO 2022-03-28 11:07:33.551499 || Getting JSON data from https://dps.report/getJson?permalink=wzLr-20220325-193442_wvw
2022-03-28 11:07:36,668 INFO 2022-03-28 11:07:36.668552 || JSON data Retrieved 
2022-03-28 11:07:36,670 INFO 2022-03-28 11:07:36.670048 || Getting data from JSON 
2022-03-28 11:07:36,671 ERROR 2022-03-28 11:07:36.671682 || Couldnt get json/data from {'href': 'https://dps.report/getJson?permalink=wzLr-20220325-193442_wvw'} 
2022-03-28 11:07:36,672 ERROR 2022-03-28 11:07:36.672446 || 'Logger' object has no attribute 'write' 
2022-03-28 11:07:36,673 INFO 2022-03-28 11:07:36.673087 || https://dps.report/getJson?permalink=HBlv-20220326-102301_wvw 
2022-03-28 11:07:36,673 INFO 2022-03-28 11:07:36.673684 || Getting JSON data from https://dps.report/getJson?permalink=HBlv-20220326-102301_wvw
2022-03-28 11:07:40,761 INFO 2022-03-28 11:07:40.760814 || JSON data Retrieved 
2022-03-28 11:07:40,762 INFO 2022-03-28 11:07:40.762376 || Getting data from JSON 
2022-03-28 11:07:40,874 INFO 2022-03-28 11:07:40.873960 || Data retrieved 
2022-03-28 11:07:40,875 INFO 2022-03-28 11:07:40.875113 || Getting Raid data 
2022-03-28 11:07:40,881 INFO 2022-03-28 11:07:40.881033 || Welcome to the Records of Valhalla! 
2022-03-28 11:07:41,286 INFO 2022-03-28 11:07:41.286774 || Raid data retrieved 
2022-03-28 11:07:41,367 INFO 2022-03-28 11:07:41.367641 || DONE PROCESSING DATA 
2022-03-28 11:09:07,676 INFO 2022-03-28 11:09:07.676238 || PROCESSING DATA 
2022-03-28 11:09:07,677 INFO 2022-03-28 11:09:07.677686 || Considering fights with at least 10 allied players and at least 10 enemies that took longer than 30 s. 
2022-03-28 11:09:07,678 INFO 2022-03-28 11:09:07.678682 || https://dps.report/getJson?permalink=aCRr-20220325-193120_wvw 
2022-03-28 11:09:07,679 INFO 2022-03-28 11:09:07.679566 || Getting JSON data from https://dps.report/getJson?permalink=aCRr-20220325-193120_wvw
2022-03-28 11:09:11,010 INFO 2022-03-28 11:09:11.010680 || JSON data Retrieved 
2022-03-28 11:09:11,012 INFO 2022-03-28 11:09:11.011992 || Getting data from JSON 
2022-03-28 11:09:11,013 ERROR 2022-03-28 11:09:11.013634 || Couldnt get json/data from {'href': 'https://dps.report/getJson?permalink=aCRr-20220325-193120_wvw'} 
2022-03-28 11:09:11,014 ERROR 2022-03-28 11:09:11.014403 || 'Logger' object has no attribute 'write' 
2022-03-28 11:09:11,015 INFO 2022-03-28 11:09:11.015057 || https://dps.report/getJson?permalink=afQC-20220325-193209_wvw 
2022-03-28 11:09:11,015 INFO 2022-03-28 11:09:11.015644 || Getting JSON data from https://dps.report/getJson?permalink=afQC-20220325-193209_wvw
2022-03-28 11:09:14,095 INFO 2022-03-28 11:09:14.094768 || JSON data Retrieved 
2022-03-28 11:09:14,096 INFO 2022-03-28 11:09:14.096226 || Getting data from JSON 
2022-03-28 11:09:14,097 ERROR 2022-03-28 11:09:14.097787 || Couldnt get json/data from {'href': 'https://dps.report/getJson?permalink=afQC-20220325-193209_wvw'} 
2022-03-28 11:09:14,098 ERROR 2022-03-28 11:09:14.098658 || 'Logger' object has no attribute 'write' 
2022-03-28 11:09:14,099 INFO 2022-03-28 11:09:14.099338 || https://dps.report/getJson?permalink=U0L5-20220325-193442_wvw 
2022-03-28 11:09:14,100 INFO 2022-03-28 11:09:14.100188 || Getting JSON data from https://dps.report/getJson?permalink=U0L5-20220325-193442_wvw
2022-03-28 11:09:17,149 INFO 2022-03-28 11:09:17.148805 || JSON data Retrieved 
2022-03-28 11:09:17,150 INFO 2022-03-28 11:09:17.150332 || Getting data from JSON 
2022-03-28 11:09:17,152 ERROR 2022-03-28 11:09:17.151932 || Couldnt get json/data from {'href': 'https://dps.report/getJson?permalink=U0L5-20220325-193442_wvw'} 
2022-03-28 11:09:17,152 ERROR 2022-03-28 11:09:17.152701 || 'Logger' object has no attribute 'write' 
2022-03-28 11:09:17,153 INFO 2022-03-28 11:09:17.153357 || https://dps.report/getJson?permalink=1R0D-20220326-102301_wvw 
2022-03-28 11:09:17,154 INFO 2022-03-28 11:09:17.153979 || Getting JSON data from https://dps.report/getJson?permalink=1R0D-20220326-102301_wvw
2022-03-28 11:09:21,412 INFO 2022-03-28 11:09:21.411962 || JSON data Retrieved 
2022-03-28 11:09:21,413 INFO 2022-03-28 11:09:21.413444 || Getting data from JSON 
2022-03-28 11:09:21,522 INFO 2022-03-28 11:09:21.522357 || Data retrieved 
2022-03-28 11:09:21,523 INFO 2022-03-28 11:09:21.523518 || Getting Raid data 
2022-03-28 11:09:21,529 INFO 2022-03-28 11:09:21.529319 || Welcome to the Records of Valhalla! 
2022-03-28 11:09:21,888 INFO 2022-03-28 11:09:21.888702 || Raid data retrieved 
2022-03-28 11:09:21,969 INFO 2022-03-28 11:09:21.969130 || DONE PROCESSING DATA 
2022-03-28 11:10:47,708 INFO 2022-03-28 11:10:47.707847 || PROCESSING DATA 
2022-03-28 11:10:47,709 INFO 2022-03-28 11:10:47.709280 || Considering fights with at least 10 allied players and at least 10 enemies that took longer than 30 s. 
2022-03-28 11:10:47,710 INFO 2022-03-28 11:10:47.710627 || https://dps.report/getJson?permalink=Wqs2-20220325-193120_wvw 
2022-03-28 11:10:47,711 INFO 2022-03-28 11:10:47.711614 || Getting JSON data from https://dps.report/getJson?permalink=Wqs2-20220325-193120_wvw
2022-03-28 11:10:50,726 INFO 2022-03-28 11:10:50.726234 || JSON data Retrieved 
2022-03-28 11:10:50,728 INFO 2022-03-28 11:10:50.728230 || Getting data from JSON 
2022-03-28 11:10:50,730 ERROR 2022-03-28 11:10:50.729957 || Couldnt get json/data from {'href': 'https://dps.report/getJson?permalink=Wqs2-20220325-193120_wvw'} 
2022-03-28 11:10:50,730 ERROR 2022-03-28 11:10:50.730834 || 'Logger' object has no attribute 'write' 
2022-03-28 11:10:50,731 INFO 2022-03-28 11:10:50.731609 || https://dps.report/getJson?permalink=ZG0O-20220325-193209_wvw 
2022-03-28 11:10:50,732 INFO 2022-03-28 11:10:50.732222 || Getting JSON data from https://dps.report/getJson?permalink=ZG0O-20220325-193209_wvw
2022-03-28 11:10:53,863 INFO 2022-03-28 11:10:53.863173 || JSON data Retrieved 
2022-03-28 11:10:53,864 INFO 2022-03-28 11:10:53.864534 || Getting data from JSON 
2022-03-28 11:10:53,866 ERROR 2022-03-28 11:10:53.866062 || Couldnt get json/data from {'href': 'https://dps.report/getJson?permalink=ZG0O-20220325-193209_wvw'} 
2022-03-28 11:10:53,866 ERROR 2022-03-28 11:10:53.866827 || 'Logger' object has no attribute 'write' 
2022-03-28 11:10:53,867 INFO 2022-03-28 11:10:53.867480 || https://dps.report/getJson?permalink=xd4w-20220325-193442_wvw 
2022-03-28 11:10:53,868 INFO 2022-03-28 11:10:53.868075 || Getting JSON data from https://dps.report/getJson?permalink=xd4w-20220325-193442_wvw
2022-03-28 11:10:57,467 INFO 2022-03-28 11:10:57.466805 || JSON data Retrieved 
2022-03-28 11:10:57,468 INFO 2022-03-28 11:10:57.468193 || Getting data from JSON 
2022-03-28 11:10:57,470 ERROR 2022-03-28 11:10:57.469946 || Couldnt get json/data from {'href': 'https://dps.report/getJson?permalink=xd4w-20220325-193442_wvw'} 
2022-03-28 11:10:57,470 ERROR 2022-03-28 11:10:57.470779 || 'Logger' object has no attribute 'write' 
2022-03-28 11:10:57,471 INFO 2022-03-28 11:10:57.471450 || https://dps.report/getJson?permalink=hj5K-20220326-102301_wvw 
2022-03-28 11:10:57,472 INFO 2022-03-28 11:10:57.472038 || Getting JSON data from https://dps.report/getJson?permalink=hj5K-20220326-102301_wvw
2022-03-28 11:11:01,464 INFO 2022-03-28 11:11:01.464373 || JSON data Retrieved 
2022-03-28 11:11:01,465 INFO 2022-03-28 11:11:01.465783 || Getting data from JSON 
2022-03-28 11:11:01,553 INFO 2022-03-28 11:11:01.553630 || Data retrieved 
2022-03-28 11:11:01,554 INFO 2022-03-28 11:11:01.554780 || Getting Raid data 
2022-03-28 11:11:01,560 INFO 2022-03-28 11:11:01.560776 || Welcome to the Records of Valhalla! 
2022-03-28 11:11:01,887 INFO 2022-03-28 11:11:01.887549 || Raid data retrieved 
2022-03-28 11:11:01,968 INFO 2022-03-28 11:11:01.968167 || DONE PROCESSING DATA 
2022-03-28 12:38:53,792 INFO 2022-03-28 12:38:53.792280 || PROCESSING DATA 
2022-03-28 12:38:53,793 INFO 2022-03-28 12:38:53.793761 || Considering fights with at least 10 allied players and at least 10 enemies that took longer than 30 s. 
2022-03-28 12:38:53,794 INFO 2022-03-28 12:38:53.794749 || https://dps.report/getJson?permalink=Yk12-20220325-193120_wvw 
2022-03-28 12:38:53,795 INFO 2022-03-28 12:38:53.795624 || Getting JSON data from https://dps.report/getJson?permalink=Yk12-20220325-193120_wvw
2022-03-28 12:38:56,717 INFO 2022-03-28 12:38:56.717223 || JSON data Retrieved 
2022-03-28 12:38:56,718 INFO 2022-03-28 12:38:56.718772 || Getting data from JSON 
2022-03-28 12:38:56,720 ERROR 2022-03-28 12:38:56.720458 || Couldnt get json/data from {'href': 'https://dps.report/getJson?permalink=Yk12-20220325-193120_wvw'} 
2022-03-28 12:38:56,721 ERROR 2022-03-28 12:38:56.721345 || 'Logger' object has no attribute 'write' 
2022-03-28 12:38:56,722 INFO 2022-03-28 12:38:56.722005 || https://dps.report/getJson?permalink=NNDq-20220325-193209_wvw 
2022-03-28 12:38:56,722 INFO 2022-03-28 12:38:56.722590 || Getting JSON data from https://dps.report/getJson?permalink=NNDq-20220325-193209_wvw
2022-03-28 12:39:01,407 INFO 2022-03-28 12:39:01.406912 || JSON data Retrieved 
2022-03-28 12:39:01,408 INFO 2022-03-28 12:39:01.408300 || Getting data from JSON 
2022-03-28 12:39:01,521 INFO 2022-03-28 12:39:01.521535 || Data retrieved 
2022-03-28 12:39:01,522 INFO 2022-03-28 12:39:01.522711 || https://dps.report/getJson?permalink=YrTy-20220325-193442_wvw 
2022-03-28 12:39:01,523 INFO 2022-03-28 12:39:01.523423 || Getting JSON data from https://dps.report/getJson?permalink=YrTy-20220325-193442_wvw
2022-03-28 12:39:04,548 INFO 2022-03-28 12:39:04.547936 || JSON data Retrieved 
2022-03-28 12:39:04,549 INFO 2022-03-28 12:39:04.549366 || Getting data from JSON 
2022-03-28 12:39:04,551 ERROR 2022-03-28 12:39:04.551183 || Couldnt get json/data from {'href': 'https://dps.report/getJson?permalink=YrTy-20220325-193442_wvw'} 
2022-03-28 12:39:04,552 ERROR 2022-03-28 12:39:04.551956 || 'Logger' object has no attribute 'write' 
2022-03-28 12:39:04,552 INFO 2022-03-28 12:39:04.552606 || https://dps.report/getJson?permalink=wYOT-20220326-102301_wvw 
2022-03-28 12:39:04,553 INFO 2022-03-28 12:39:04.553200 || Getting JSON data from https://dps.report/getJson?permalink=wYOT-20220326-102301_wvw
2022-03-28 12:39:07,982 INFO 2022-03-28 12:39:07.982456 || JSON data Retrieved 
2022-03-28 12:39:07,984 INFO 2022-03-28 12:39:07.983863 || Getting data from JSON 
2022-03-28 12:39:07,985 ERROR 2022-03-28 12:39:07.985502 || Couldnt get json/data from {'href': 'https://dps.report/getJson?permalink=wYOT-20220326-102301_wvw'} 
2022-03-28 12:39:07,986 ERROR 2022-03-28 12:39:07.986249 || 'Logger' object has no attribute 'write' 
2022-03-28 12:39:07,986 INFO 2022-03-28 12:39:07.986889 || Getting Raid data 
2022-03-28 12:39:07,992 INFO 2022-03-28 12:39:07.992793 || Welcome to the Records of Valhalla! 
2022-03-28 12:39:08,383 INFO 2022-03-28 12:39:08.382867 || Raid data retrieved 
2022-03-28 12:39:08,446 INFO 2022-03-28 12:39:08.445792 || DONE PROCESSING DATA 
2022-03-28 15:10:15,014 INFO 2022-03-28 15:10:15.014653 || PROCESSING DATA 
2022-03-28 15:10:15,016 INFO 2022-03-28 15:10:15.016091 || Considering fights with at least 10 allied players and at least 10 enemies that took longer than 30 s. 
2022-03-28 15:10:15,020 INFO 2022-03-28 15:10:15.020056 || https://dps.report/getJson?permalink=GIQs-20220325-193120_wvw 
2022-03-28 15:10:15,021 INFO 2022-03-28 15:10:15.021593 || Getting JSON data from https://dps.report/getJson?permalink=GIQs-20220325-193120_wvw
2022-03-28 15:10:18,424 INFO 2022-03-28 15:10:18.424588 || JSON data Retrieved 
2022-03-28 15:10:18,426 INFO 2022-03-28 15:10:18.426063 || Getting data from JSON 
2022-03-28 15:10:18,427 ERROR 2022-03-28 15:10:18.427735 || Couldnt get json/data from {'href': 'https://dps.report/getJson?permalink=GIQs-20220325-193120_wvw'} 
2022-03-28 15:10:18,428 ERROR 2022-03-28 15:10:18.428515 || 'Logger' object has no attribute 'write' 
2022-03-28 15:10:18,429 INFO 2022-03-28 15:10:18.429168 || https://dps.report/getJson?permalink=ckhO-20220325-193209_wvw 
2022-03-28 15:10:18,429 INFO 2022-03-28 15:10:18.429771 || Getting JSON data from https://dps.report/getJson?permalink=ckhO-20220325-193209_wvw
2022-03-28 15:10:21,758 INFO 2022-03-28 15:10:21.758179 || JSON data Retrieved 
2022-03-28 15:10:21,759 INFO 2022-03-28 15:10:21.759675 || Getting data from JSON 
2022-03-28 15:10:21,762 ERROR 2022-03-28 15:10:21.762122 || Couldnt get json/data from {'href': 'https://dps.report/getJson?permalink=ckhO-20220325-193209_wvw'} 
2022-03-28 15:10:21,763 ERROR 2022-03-28 15:10:21.762935 || 'Logger' object has no attribute 'write' 
2022-03-28 15:10:21,763 INFO 2022-03-28 15:10:21.763593 || https://dps.report/getJson?permalink=iDjC-20220325-193442_wvw 
2022-03-28 15:10:21,764 INFO 2022-03-28 15:10:21.764184 || Getting JSON data from https://dps.report/getJson?permalink=iDjC-20220325-193442_wvw
2022-03-28 15:10:24,551 INFO 2022-03-28 15:10:24.551518 || JSON data Retrieved 
2022-03-28 15:10:24,553 INFO 2022-03-28 15:10:24.552983 || Getting data from JSON 
2022-03-28 15:10:24,554 ERROR 2022-03-28 15:10:24.554552 || Couldnt get json/data from {'href': 'https://dps.report/getJson?permalink=iDjC-20220325-193442_wvw'} 
2022-03-28 15:10:24,555 ERROR 2022-03-28 15:10:24.555329 || 'Logger' object has no attribute 'write' 
2022-03-28 15:10:24,556 INFO 2022-03-28 15:10:24.555986 || https://dps.report/getJson?permalink=KUtq-20220326-102301_wvw 
2022-03-28 15:10:24,556 INFO 2022-03-28 15:10:24.556567 || Getting JSON data from https://dps.report/getJson?permalink=KUtq-20220326-102301_wvw
2022-03-28 15:10:28,888 INFO 2022-03-28 15:10:28.888142 || JSON data Retrieved 
2022-03-28 15:10:28,889 INFO 2022-03-28 15:10:28.889634 || Getting data from JSON 
2022-03-28 15:10:28,978 INFO 2022-03-28 15:10:28.977922 || Data retrieved 
2022-03-28 15:10:28,979 INFO 2022-03-28 15:10:28.979162 || Getting Raid data 
2022-03-28 15:10:28,985 INFO 2022-03-28 15:10:28.985428 || Welcome to the Records of Valhalla! 
2022-03-28 15:10:29,303 INFO 2022-03-28 15:10:29.302816 || Raid data retrieved 
2022-03-28 15:10:29,383 INFO 2022-03-28 15:10:29.383449 || DONE PROCESSING DATA 
